########### array before sorts ###########
0	0.000000	0.000000	55.473800	0.127000	n
1	55.473800	0.127000	55.473800	50.917000	n
2	55.473800	50.917000	-0.025400	51.044000	n
3	-0.025400	51.044000	0.000000	0.000000	n
Tolerance=0.050000.
*Exact match for i=0 and j=1.
*i point 0.000000	0.000000	55.473800	0.127000	y
*Exact match for i=1 and j=2.
*i point 55.473800	0.127000	55.473800	50.917000	y
*Exact match for i=2 and j=3.
*i point 55.473800	50.917000	-0.025400	51.044000	y
########### array after sorts ###########
0	0.000000	0.000000	55.473800	0.127000	y
1	55.473800	0.127000	55.473800	50.917000	y
2	55.473800	50.917000	-0.025400	51.044000	y
3	-0.025400	51.044000	0.000000	0.000000	y
***************
.BOARD_OUTLINE UNOWNED
1.6
0     0.000000     0.000000     0
0     55.473800     0.127000     0
0     55.473800     50.917000     0
0     -0.025400     51.044000     0
0     0.000000     0.000000     0
